<?xml version="1.0" encoding="UTF-8"?>
<testng-results skipped="0" failed="0" total="1" passed="1">
  <reporter-output>
  </reporter-output>
  <suite name="Default suite" duration-ms="10794" started-at="2016-07-05T12:59:24Z" finished-at="2016-07-05T12:59:35Z">
    <groups>
    </groups>
    <test name="Default test" duration-ms="10794" started-at="2016-07-05T12:59:24Z" finished-at="2016-07-05T12:59:35Z">
      <class name="GithubTestCases">
        <test-method status="PASS" signature="setup()[pri:0, instance:GithubTestCases@1500955a]" name="setup" is-config="true" duration-ms="9430" started-at="2016-07-05T18:29:24Z" finished-at="2016-07-05T18:29:33Z">
          <reporter-output>
          </reporter-output>
        </test-method> <!-- setup -->
        <test-method status="PASS" signature="testcommits()[pri:5, instance:GithubTestCases@1500955a]" name="testcommits" duration-ms="1356" started-at="2016-07-05T18:29:33Z" finished-at="2016-07-05T18:29:35Z">
          <reporter-output>
          </reporter-output>
        </test-method> <!-- testcommits -->
      </class> <!-- GithubTestCases -->
    </test> <!-- Default test -->
  </suite> <!-- Default suite -->
</testng-results>
